<?xml version="1.0" encoding="UTF-8"?>
<!-- Generated by org.testng.reporters.JUnitReportReporter -->
<testsuite hostname="RIS-qB65DrhV8HK" failures="0" tests="1" name="testcases.LoginTest" time="8.706" errors="0" timestamp="2022-03-12T01:17:29 CST" skipped="0">
  <testcase classname="testcases.LoginTest" name="LoginFailureTest" time="8.706"/>
  <system-out/>
</testsuite> <!-- testcases.LoginTest -->
