<?xml version="1.0" encoding="UTF-8"?>
<!-- Generated by org.testng.reporters.JUnitReportReporter -->
<testsuite hostname="RIS-qB65DrhV8HK" failures="0" tests="1" name="testcases.HomeTest" time="2.565" errors="0" timestamp="2022-03-06T15:28:17 CST" skipped="0">
  <testcase classname="testcases.HomeTest" name="Test1" time="2.565"/>
  <system-out/>
</testsuite> <!-- testcases.HomeTest -->
